[INFO ] 2023-11-28 21:38:15.521 [main] Main - Are you going to do smth or quit?
[INFO ] 2023-11-28 21:38:15.535 [main] Main - [1] continue
[INFO ] 2023-11-28 21:38:15.536 [main] Main - [2] quit]
[INFO ] 2023-11-28 21:38:17.278 [main] Main - Are you going to work with file or console
[INFO ] 2023-11-28 21:38:17.278 [main] Main - 1: File
[INFO ] 2023-11-28 21:38:17.279 [main] Main - 2: Console
[INFO ] 2023-11-28 21:38:18.067 [main] Main - default text is Some text and other something interesting some
[INFO ] 2023-11-28 21:38:18.067 [main] Main - [ text ][ and ][ other ][ something ][ interesting ][ some ] 
[INFO ] 2023-11-28 21:38:18.068 [main] Main -  Text has 6 unique word
[INFO ] 2023-11-28 21:38:18.073 [main] Main - default text is Some text and other something interesting some

[INFO ] 2023-11-28 21:38:18.074 [main] Main - Current text is S O M E T E X T A N D O T H E R S O M E T H I N G I N T E R E S T I N G S O M E
[INFO ] 2023-11-28 21:38:18.076 [main] Main - Count of letters at whole is 40
[INFO ] 2023-11-28 21:38:18.078 [main] Main - Enter your word
[INFO ] 2023-11-28 21:38:23.545 [main] Main - default text is Some text and other something interesting some
[INFO ] 2023-11-28 21:38:23.546 [main] Main -  Searchable word is some
[INFO ] 2023-11-28 21:38:23.547 [main] Main - Matches count is 2
[INFO ] 2023-11-28 21:38:23.562 [main] Main - Are you going to do smth or quit?
[INFO ] 2023-11-28 21:38:23.563 [main] Main - [1] continue
[INFO ] 2023-11-28 21:38:23.563 [main] Main - [2] quit]
[INFO ] 2023-11-28 21:38:26.045 [main] Main - Are you going to work with file or console
[INFO ] 2023-11-28 21:38:26.046 [main] Main - 1: File
[INFO ] 2023-11-28 21:38:26.046 [main] Main - 2: Console
[INFO ] 2023-11-28 21:38:27.102 [main] Main - default text is Some text and other something interesting some
[INFO ] 2023-11-28 21:38:27.102 [main] Main - [ text ][ and ][ other ][ something ][ interesting ][ some ] 
[INFO ] 2023-11-28 21:38:27.103 [main] Main -  Text has 6 unique word
[INFO ] 2023-11-28 21:38:27.107 [main] Main - default text is Some text and other something interesting some

[INFO ] 2023-11-28 21:38:27.107 [main] Main - Current text is S O M E T E X T A N D O T H E R S O M E T H I N G I N T E R E S T I N G S O M E
[INFO ] 2023-11-28 21:38:27.108 [main] Main - Count of letters at whole is 40
[INFO ] 2023-11-28 21:38:27.110 [main] Main - Enter your word
[INFO ] 2023-11-28 21:38:29.409 [main] Main - default text is Some text and other something interesting some
[INFO ] 2023-11-28 21:38:29.410 [main] Main -  Searchable word is gh
[INFO ] 2023-11-28 21:38:29.411 [main] Main - Matches count is 0
[INFO ] 2023-11-28 21:38:29.436 [main] Main - Are you going to do smth or quit?
[INFO ] 2023-11-28 21:38:29.436 [main] Main - [1] continue
[INFO ] 2023-11-28 21:38:29.436 [main] Main - [2] quit]
[INFO ] 2023-11-28 21:50:40.694 [main] Main - Are you going to do smth or quit?
[INFO ] 2023-11-28 21:50:40.699 [main] Main - [1] continue
[INFO ] 2023-11-28 21:50:40.699 [main] Main - [2] quit]
[INFO ] 2023-11-28 21:50:43.780 [main] Main - Are you going to work with file or console
[INFO ] 2023-11-28 21:50:43.780 [main] Main - 1: File
[INFO ] 2023-11-28 21:50:43.781 [main] Main - 2: Console
[INFO ] 2023-11-28 21:50:51.635 [main] Main - uncorrected
[INFO ] 2023-11-28 21:50:51.636 [main] Main - Are you going to work with file or console
[INFO ] 2023-11-28 21:50:51.637 [main] Main - 1: File
[INFO ] 2023-11-28 21:50:51.637 [main] Main - 2: Console
[INFO ] 2023-11-28 21:50:55.045 [main] Main - Enter your text
[INFO ] 2023-11-28 21:50:56.567 [main] Main - default text is ООП позволяет создавать повторно используемый код
[INFO ] 2023-11-28 21:50:56.568 [main] Main - [ ООП ][ позволяет ][ создавать ][ повторно ][ используемый ][ код ]
[INFO ] 2023-11-28 21:50:56.568 [main] Main -  Text has 6 unique word
[INFO ] 2023-11-28 21:50:56.570 [main] Main - default text is ООП позволяет создавать повторно используемый код

[INFO ] 2023-11-28 21:50:56.571 [main] Main - Current text is О О П П О З В О Л Я Е Т С О З Д А В А Т Ь П О В Т О Р Н О И С П О Л Ь З У Е М Ы Й К О Д
[INFO ] 2023-11-28 21:50:56.571 [main] Main - Count of letters at whole is 44
[INFO ] 2023-11-28 21:50:56.572 [main] Main - Enter your word
[INFO ] 2023-11-28 21:51:07.327 [main] Main - default text is ООП позволяет создавать повторно используемый код
[INFO ] 2023-11-28 21:51:07.328 [main] Main -  Searchable word is ооп
[INFO ] 2023-11-28 21:51:07.328 [main] Main - Matches count is 1
[INFO ] 2023-11-28 21:51:07.358 [main] Main - Are you going to do smth or quit?
[INFO ] 2023-11-28 21:51:07.359 [main] Main - [1] continue
[INFO ] 2023-11-28 21:51:07.359 [main] Main - [2] quit]
[INFO ] 2023-11-28 21:51:44.827 [main] Main - Are you going to do smth or quit?
[INFO ] 2023-11-28 21:51:44.835 [main] Main - [1] continue
[INFO ] 2023-11-28 21:51:44.835 [main] Main - [2] quit]
[INFO ] 2023-11-28 21:51:47.804 [main] Main - Are you going to work with file or console
[INFO ] 2023-11-28 21:51:47.805 [main] Main - 1: File
[INFO ] 2023-11-28 21:51:47.805 [main] Main - 2: Console
[INFO ] 2023-11-28 21:51:48.928 [main] Main - Enter your text
[INFO ] 2023-11-28 21:51:50.925 [main] Main - default text is ООП позволяет создавать повторно используемый код
[INFO ] 2023-11-28 21:51:50.926 [main] Main - [ ООП ][ позволяет ][ создавать ][ повторно ][ используемый ][ код ]
[INFO ] 2023-11-28 21:51:50.927 [main] Main -  Text has 6 unique word
[INFO ] 2023-11-28 21:51:50.930 [main] Main - default text is ООП позволяет создавать повторно используемый код

[INFO ] 2023-11-28 21:51:50.931 [main] Main - Current text is О О П П О З В О Л Я Е Т С О З Д А В А Т Ь П О В Т О Р Н О И С П О Л Ь З У Е М Ы Й К О Д
[INFO ] 2023-11-28 21:51:50.934 [main] Main - Count of letters at whole is 44
[INFO ] 2023-11-28 21:51:50.935 [main] Main - Enter your word
[INFO ] 2023-11-28 21:51:55.029 [main] Main - default text is ООП позволяет создавать повторно используемый код
[INFO ] 2023-11-28 21:51:55.030 [main] Main -  Searchable word is оор
[INFO ] 2023-11-28 21:51:55.031 [main] Main - Matches count is 0
[INFO ] 2023-11-28 21:51:55.044 [main] Main - Are you going to do smth or quit?
[INFO ] 2023-11-28 21:51:55.044 [main] Main - [1] continue
[INFO ] 2023-11-28 21:51:55.045 [main] Main - [2] quit]
